2024-01-26 19:55:55,014 [INFO] from akka.event.slf4j.Slf4jLogger in application-akka.actor.default-dispatcher-6 - Slf4jLogger started
2024-01-26 19:55:55,083 [INFO] from org.hibernate.validator.internal.util.Version in play-dev-mode-akka.actor.default-dispatcher-6 - HV000001: Hibernate Validator 6.1.0.Final
2024-01-26 19:55:55,184 [INFO] from play.api.http.EnabledFilters in play-dev-mode-akka.actor.default-dispatcher-6 - Enabled Filters (see <https://www.playframework.com/documentation/latest/Filters>):

    play.filters.csrf.CSRFFilter
    play.filters.headers.SecurityHeadersFilter
    play.filters.hosts.AllowedHostsFilter
    play.filters.csrf.CSRFFilter

2024-01-26 19:55:55,187 [INFO] from play.api.Play in play-dev-mode-akka.actor.default-dispatcher-6 - Application started (Dev) (no global state)
2024-01-26 20:01:18,627 [INFO] from play.api.internal.libs.concurrent.CoordinatedShutdownSupport in pool-10-thread-15 - Starting synchronous coordinated shutdown with ServerStoppedReason reason and 35000 milliseconds timeout
2024-01-26 20:01:18,628 [INFO] from play.core.server.AkkaHttpServer in pool-10-thread-15 - Stopping Akka HTTP server...
2024-01-26 20:01:18,631 [INFO] from play.core.server.AkkaHttpServer in play-dev-mode-akka.actor.internal-dispatcher-5 - Terminating server binding for /0:0:0:0:0:0:0:0:9000
2024-01-26 20:01:18,657 [INFO] from play.core.server.AkkaHttpServer in play-dev-mode-akka.actor.internal-dispatcher-5 - Running provided shutdown stop hooks
2026-02-25 00:59:14,872 [INFO] from akka.event.slf4j.Slf4jLogger in application-akka.actor.default-dispatcher-4 - Slf4jLogger started
2026-02-25 00:59:15,053 [INFO] from org.hibernate.validator.internal.util.Version in main - HV000001: Hibernate Validator 6.1.0.Final
2026-02-25 00:59:15,225 [INFO] from play.api.Play in main - Application started (Prod) (no global state)
2026-02-25 00:59:15,385 [INFO] from play.core.server.AkkaHttpServer in main - Listening for HTTP on /0:0:0:0:0:0:0:0:9000
2026-02-25 01:06:12,280 [INFO] from play.api.internal.libs.concurrent.CoordinatedShutdownSupport in Thread-0 - Starting synchronous coordinated shutdown with ServerStoppedReason reason and 2147508000 milliseconds timeout
2026-02-25 01:06:12,282 [INFO] from play.core.server.AkkaHttpServer in Thread-0 - Stopping Akka HTTP server...
2026-02-25 01:06:12,284 [INFO] from play.core.server.AkkaHttpServer in application-akka.actor.internal-dispatcher-35 - Terminating server binding for /0:0:0:0:0:0:0:0:9000
2026-02-25 01:06:12,290 [INFO] from play.core.server.AkkaHttpServer in application-akka.actor.internal-dispatcher-3 - Running provided shutdown stop hooks
2026-02-27 07:03:04,269 [INFO] from akka.event.slf4j.Slf4jLogger in application-akka.actor.default-dispatcher-4 - Slf4jLogger started
2026-02-27 07:03:04,450 [INFO] from org.hibernate.validator.internal.util.Version in main - HV000001: Hibernate Validator 6.1.0.Final
2026-02-27 07:03:04,615 [INFO] from play.api.Play in main - Application started (Prod) (no global state)
2026-02-27 07:56:28,574 [INFO] from akka.event.slf4j.Slf4jLogger in application-akka.actor.default-dispatcher-4 - Slf4jLogger started
2026-02-27 07:56:28,751 [INFO] from org.hibernate.validator.internal.util.Version in main - HV000001: Hibernate Validator 6.1.0.Final
2026-02-27 07:56:28,917 [INFO] from play.api.Play in main - Application started (Prod) (no global state)
2026-02-27 07:56:29,075 [ERROR] from akka.io.TcpListener in application-akka.actor.default-dispatcher-7 - Bind failed for TCP channel on endpoint [/0.0.0.0:9000]
java.net.BindException: [/0.0.0.0:9000] Address already in use
	at java.base/sun.nio.ch.Net.bind0(Native Method)
	at java.base/sun.nio.ch.Net.bind(Net.java:459)
	at java.base/sun.nio.ch.Net.bind(Net.java:448)
	at java.base/sun.nio.ch.ServerSocketChannelImpl.bind(ServerSocketChannelImpl.java:227)
	at java.base/sun.nio.ch.ServerSocketAdaptor.bind(ServerSocketAdaptor.java:80)
	at akka.io.TcpListener.liftedTree1$1(TcpListener.scala:59)
	at akka.io.TcpListener.<init>(TcpListener.scala:56)
	at java.base/jdk.internal.reflect.NativeConstructorAccessorImpl.newInstance0(Native Method)
	at java.base/jdk.internal.reflect.NativeConstructorAccessorImpl.newInstance(NativeConstructorAccessorImpl.java:62)
	at java.base/jdk.internal.reflect.DelegatingConstructorAccessorImpl.newInstance(DelegatingConstructorAccessorImpl.java:45)
	at java.base/java.lang.reflect.Constructor.newInstance(Constructor.java:490)
	at akka.util.Reflect$.instantiate(Reflect.scala:69)
	at akka.actor.ArgsReflectConstructor.produce(IndirectActorProducer.scala:100)
	at akka.actor.Props.newActor(Props.scala:226)
	at akka.actor.ActorCell.newActor(ActorCell.scala:609)
	at akka.actor.ActorCell.create(ActorCell.scala:635)
	at akka.actor.ActorCell.invokeAll$1(ActorCell.scala:509)
	at akka.actor.ActorCell.systemInvoke(ActorCell.scala:531)
	at akka.dispatch.Mailbox.processAllSystemMessages(Mailbox.scala:294)
	at akka.dispatch.Mailbox.run(Mailbox.scala:229)
	at akka.dispatch.Mailbox.exec(Mailbox.scala:242)
	at java.base/java.util.concurrent.ForkJoinTask.doExec(ForkJoinTask.java:290)
	at java.base/java.util.concurrent.ForkJoinPool$WorkQueue.topLevelExec(ForkJoinPool.java:1020)
	at java.base/java.util.concurrent.ForkJoinPool.scan(ForkJoinPool.java:1656)
	at java.base/java.util.concurrent.ForkJoinPool.runWorker(ForkJoinPool.java:1594)
	at java.base/java.util.concurrent.ForkJoinWorkerThread.run(ForkJoinWorkerThread.java:183)
2026-02-27 08:00:46,432 [INFO] from akka.event.slf4j.Slf4jLogger in application-akka.actor.default-dispatcher-4 - Slf4jLogger started
2026-02-27 08:00:46,610 [INFO] from org.hibernate.validator.internal.util.Version in main - HV000001: Hibernate Validator 6.1.0.Final
2026-02-27 08:00:46,780 [INFO] from play.api.Play in main - Application started (Prod) (no global state)
2026-02-27 08:00:46,944 [INFO] from play.core.server.AkkaHttpServer in main - Listening for HTTP on /0:0:0:0:0:0:0:0:9000
2026-02-27 08:03:05,229 [INFO] from akka.event.slf4j.Slf4jLogger in application-akka.actor.default-dispatcher-4 - Slf4jLogger started
2026-02-27 08:03:05,419 [INFO] from org.hibernate.validator.internal.util.Version in main - HV000001: Hibernate Validator 6.1.0.Final
2026-02-27 08:03:05,584 [INFO] from play.api.Play in main - Application started (Prod) (no global state)
2026-02-27 08:04:04,843 [INFO] from akka.event.slf4j.Slf4jLogger in application-akka.actor.default-dispatcher-5 - Slf4jLogger started
2026-02-27 08:04:05,018 [INFO] from org.hibernate.validator.internal.util.Version in main - HV000001: Hibernate Validator 6.1.0.Final
2026-02-27 08:04:05,181 [INFO] from play.api.Play in main - Application started (Prod) (no global state)
2026-02-27 08:04:05,337 [INFO] from play.core.server.AkkaHttpServer in main - Listening for HTTP on /0:0:0:0:0:0:0:0:9000
2026-02-27 08:07:42,524 [INFO] from play.api.internal.libs.concurrent.CoordinatedShutdownSupport in Thread-0 - Starting synchronous coordinated shutdown with ServerStoppedReason reason and 2147508000 milliseconds timeout
2026-02-27 08:07:42,531 [INFO] from play.core.server.AkkaHttpServer in Thread-0 - Stopping Akka HTTP server...
2026-02-27 08:07:42,541 [INFO] from play.core.server.AkkaHttpServer in application-akka.actor.internal-dispatcher-16 - Terminating server binding for /0:0:0:0:0:0:0:0:9000
2026-02-27 08:07:42,590 [INFO] from play.core.server.AkkaHttpServer in application-akka.actor.internal-dispatcher-16 - Running provided shutdown stop hooks
